<?xml version="1.0" encoding="UTF-8"?>
<testsuite name="UnitTest" tests="3" skipped="0" failures="0" errors="0" timestamp="2015-08-17T21:03:05" hostname="epicodus-110.local" time="0.002">
  <properties/>
  <testcase name="newPackage_returnsCorrectCost" classname="UnitTest" time="0.001"/>
  <testcase name="newPackage_returnsCorrectVolume" classname="UnitTest" time="0.0"/>
  <testcase name="newPackage_instantiatesCorrectly" classname="UnitTest" time="0.0"/>
  <system-out><![CDATA[]]></system-out>
  <system-err><![CDATA[]]></system-err>
</testsuite>
